<?xml version="1.0" encoding="UTF-8"?>
<!-- Generated by org.testng.reporters.JUnitXMLReporter -->
<testsuite hostname="DT-TECH-2D80" ignored="1" name="test1" tests="3" failures="0" timestamp="03 Apr 2018 10:01:09 GMT" time="48.157" errors="0">
  <testcase name="loginTest" time="10.368" classname="testCases.UrlVerification"/>
  <testcase name="loginTest" time="18.268" classname="testCases.LoginVerification"/>
  <testcase name="loginTest" time="18.71" classname="testCases.LoginVerification"/>
  <testcase name="@AfterTest quit" time="0.0" classname="testBase.BaseTest">
    <ignored/>
  </testcase> <!-- @AfterTest quit -->
</testsuite> <!-- test1 -->
